[ros2_slam][start] session=/home/ronen/Desktop/RBV2_NJOrin_ver29_devFarm_tomato/maps/ros2_slam/session_20260628_023835
[ros2_slam][start] launching rbv2_mapping + slam_toolbox
[INFO] [launch]: All log files can be found below /root/.ros/log/2026-06-28-02-38-37-156613-ronen-desktop-29365
[INFO] [launch]: Default logging verbosity is set to INFO
[INFO] [rbv2_lidar_scan_node-1]: process started with pid [29369]
[INFO] [rbv2_odom_udp_bridge_node-2]: process started with pid [29371]
[INFO] [static_transform_publisher-3]: process started with pid [29373]
[INFO] [async_slam_toolbox_node-4]: process started with pid [29375]
[static_transform_publisher-3] [WARN] [1782603517.262734106] []: Old-style arguments are deprecated; see --help for new-style arguments
[rbv2_lidar_scan_node-1] [INFO] [1782603517.295302195] [rbv2_lidar_scan_node]: RBV2 Mini LiDAR ROS2 node started on /dev/ttyUSB0
[rbv2_odom_udp_bridge_node-2] [INFO] [1782603517.299076613] [rbv2_odom_udp_bridge_node]: RBV2 odom UDP bridge listening on 127.0.0.1:29129
[rbv2_odom_udp_bridge_node-2] [INFO] [1782603517.319244327] [rbv2_odom_udp_bridge_node]: received first UDP odom packet: x=0.000 y=0.000 yaw=0.00 valid=1 fresh=1 orig_valid=1 orig_fresh=1
[rbv2_odom_udp_bridge_node-2] [INFO] [1782603517.319372939] [rbv2_odom_udp_bridge_node]: UDP odom packets=1 publish x=0.000 y=0.000 yaw=0.00 v=0.000 w=0.000 fcmd=0.0 scmd=0.0 flags(v=1,f=1,orig_v=1,orig_f=1)
[static_transform_publisher-3] [INFO] [1782603517.331813092] [rbv2_base_to_laser_tf]: Spinning until stopped - publishing transform
[static_transform_publisher-3] translation: ('0.100000', '0.000000', '0.150000')
[static_transform_publisher-3] rotation: ('0.000000', '0.000000', '0.000000', '1.000000')
[static_transform_publisher-3] from 'base_link' to 'laser'
[async_slam_toolbox_node-4] [INFO] [1782603517.357781045] [slam_toolbox]: Using solver plugin solver_plugins::CeresSolver
[async_slam_toolbox_node-4] Info: clipped range threshold to be within minimum and maximum range!
[async_slam_toolbox_node-4] Registering sensor: [Custom Described Lidar]
[rbv2_odom_udp_bridge_node-2] [INFO] [1782603518.319432923] [rbv2_odom_udp_bridge_node]: UDP odom packets=41 publish x=0.245 y=0.000 yaw=0.00 v=0.222 w=0.000 fcmd=40.0 scmd=0.0 flags(v=1,f=1,orig_v=1,orig_f=1)
[rbv2_odom_udp_bridge_node-2] [INFO] [1782603519.359345824] [rbv2_odom_udp_bridge_node]: UDP odom packets=81 publish x=0.596 y=-0.000 yaw=-0.87 v=0.000 w=0.000 fcmd=0.0 scmd=0.0 flags(v=1,f=1,orig_v=1,orig_f=1)
[rbv2_odom_udp_bridge_node-2] [INFO] [1782603520.379390220] [rbv2_odom_udp_bridge_node]: UDP odom packets=121 publish x=0.827 y=-0.004 yaw=-0.87 v=0.222 w=0.000 fcmd=40.0 scmd=0.0 flags(v=1,f=1,orig_v=1,orig_f=1)
[rbv2_odom_udp_bridge_node-2] [INFO] [1782603521.379614657] [rbv2_odom_udp_bridge_node]: UDP odom packets=161 publish x=0.929 y=-0.006 yaw=-0.87 v=0.000 w=0.000 fcmd=0.0 scmd=0.0 flags(v=1,f=1,orig_v=1,orig_f=1)
[rbv2_odom_udp_bridge_node-2] [INFO] [1782603522.399361956] [rbv2_odom_udp_bridge_node]: UDP odom packets=200 publish x=0.969 y=-0.006 yaw=-0.87 v=0.222 w=0.000 fcmd=40.0 scmd=0.0 flags(v=1,f=1,orig_v=1,orig_f=1)
[rbv2_odom_udp_bridge_node-2] [INFO] [1782603523.419432370] [rbv2_odom_udp_bridge_node]: UDP odom packets=240 publish x=1.143 y=-0.009 yaw=-0.87 v=0.000 w=0.000 fcmd=0.0 scmd=0.0 flags(v=1,f=1,orig_v=1,orig_f=1)
[rbv2_odom_udp_bridge_node-2] [INFO] [1782603524.419458177] [rbv2_odom_udp_bridge_node]: UDP odom packets=280 publish x=1.143 y=-0.009 yaw=-0.87 v=0.000 w=0.000 fcmd=0.0 scmd=0.0 flags(v=1,f=1,orig_v=1,orig_f=1)
[rbv2_odom_udp_bridge_node-2] [INFO] [1782603525.439500973] [rbv2_odom_udp_bridge_node]: UDP odom packets=319 publish x=1.378 y=-0.012 yaw=-0.87 v=0.000 w=0.000 fcmd=0.0 scmd=0.0 flags(v=1,f=1,orig_v=1,orig_f=1)
[rbv2_odom_udp_bridge_node-2] [INFO] [1782603526.439540957] [rbv2_odom_udp_bridge_node]: UDP odom packets=358 publish x=1.378 y=-0.012 yaw=-0.87 v=0.000 w=0.000 fcmd=0.0 scmd=0.0 flags(v=1,f=1,orig_v=1,orig_f=1)
[rbv2_odom_udp_bridge_node-2] [INFO] [1782603527.439561164] [rbv2_odom_udp_bridge_node]: UDP odom packets=396 publish x=1.378 y=-0.012 yaw=-0.87 v=0.000 w=0.000 fcmd=0.0 scmd=0.0 flags(v=1,f=1,orig_v=1,orig_f=1)
[rbv2_odom_udp_bridge_node-2] [INFO] [1782603528.439572123] [rbv2_odom_udp_bridge_node]: UDP odom packets=435 publish x=1.663 y=-0.017 yaw=-0.87 v=0.222 w=0.000 fcmd=40.0 scmd=0.0 flags(v=1,f=1,orig_v=1,orig_f=1)
[rbv2_odom_udp_bridge_node-2] [INFO] [1782603529.439624459] [rbv2_odom_udp_bridge_node]: UDP odom packets=475 publish x=1.712 y=-0.017 yaw=-0.87 v=0.000 w=0.000 fcmd=0.0 scmd=0.0 flags(v=1,f=1,orig_v=1,orig_f=1)
[rbv2_odom_udp_bridge_node-2] [INFO] [1782603530.439642811] [rbv2_odom_udp_bridge_node]: UDP odom packets=515 publish x=1.712 y=-0.017 yaw=-0.87 v=0.000 w=0.000 fcmd=0.0 scmd=0.0 flags(v=1,f=1,orig_v=1,orig_f=1)
[rbv2_odom_udp_bridge_node-2] [INFO] [1782603531.439688011] [rbv2_odom_udp_bridge_node]: UDP odom packets=555 publish x=1.881 y=-0.020 yaw=-0.87 v=0.222 w=0.000 fcmd=40.0 scmd=0.0 flags(v=1,f=1,orig_v=1,orig_f=1)
[rbv2_odom_udp_bridge_node-2] [INFO] [1782603532.439712602] [rbv2_odom_udp_bridge_node]: UDP odom packets=594 publish x=2.143 y=-0.024 yaw=-0.87 v=0.222 w=0.000 fcmd=40.0 scmd=0.0 flags(v=1,f=1,orig_v=1,orig_f=1)
[rbv2_odom_udp_bridge_node-2] [INFO] [1782603533.479663970] [rbv2_odom_udp_bridge_node]: UDP odom packets=634 publish x=2.290 y=-0.026 yaw=-0.87 v=0.222 w=0.000 fcmd=40.0 scmd=0.0 flags(v=1,f=1,orig_v=1,orig_f=1)
[rbv2_odom_udp_bridge_node-2] [INFO] [1782603534.479671122] [rbv2_odom_udp_bridge_node]: UDP odom packets=673 publish x=2.379 y=-0.027 yaw=-0.87 v=0.000 w=0.000 fcmd=0.0 scmd=0.0 flags(v=1,f=1,orig_v=1,orig_f=1)
[rbv2_odom_udp_bridge_node-2] [INFO] [1782603535.479713538] [rbv2_odom_udp_bridge_node]: UDP odom packets=712 publish x=2.379 y=-0.027 yaw=-0.87 v=0.000 w=0.000 fcmd=0.0 scmd=0.0 flags(v=1,f=1,orig_v=1,orig_f=1)
[rbv2_odom_udp_bridge_node-2] [INFO] [1782603536.479743026] [rbv2_odom_udp_bridge_node]: UDP odom packets=751 publish x=2.379 y=-0.027 yaw=-0.87 v=0.000 w=0.000 fcmd=0.0 scmd=0.0 flags(v=1,f=1,orig_v=1,orig_f=1)
[rbv2_odom_udp_bridge_node-2] [INFO] [1782603537.479862469] [rbv2_odom_udp_bridge_node]: UDP odom packets=790 publish x=2.379 y=-0.027 yaw=-0.87 v=0.000 w=0.000 fcmd=0.0 scmd=0.0 flags(v=1,f=1,orig_v=1,orig_f=1)
[rbv2_odom_udp_bridge_node-2] [INFO] [1782603538.480010329] [rbv2_odom_udp_bridge_node]: UDP odom packets=829 publish x=2.379 y=-0.027 yaw=-0.87 v=0.000 w=0.000 fcmd=0.0 scmd=0.0 flags(v=1,f=1,orig_v=1,orig_f=1)
[rbv2_odom_udp_bridge_node-2] [INFO] [1782603539.499879042] [rbv2_odom_udp_bridge_node]: UDP odom packets=869 publish x=2.379 y=-0.027 yaw=-0.87 v=0.000 w=0.000 fcmd=0.0 scmd=0.0 flags(v=1,f=1,orig_v=1,orig_f=1)
[rbv2_odom_udp_bridge_node-2] [INFO] [1782603540.499890098] [rbv2_odom_udp_bridge_node]: UDP odom packets=908 publish x=2.468 y=-0.029 yaw=-0.87 v=0.222 w=0.000 fcmd=40.0 scmd=0.0 flags(v=1,f=1,orig_v=1,orig_f=1)
[rbv2_odom_udp_bridge_node-2] [INFO] [1782603541.499944387] [rbv2_odom_udp_bridge_node]: UDP odom packets=947 publish x=2.721 y=-0.033 yaw=-0.87 v=0.222 w=0.000 fcmd=40.0 scmd=0.0 flags(v=1,f=1,orig_v=1,orig_f=1)
[rbv2_odom_udp_bridge_node-2] [INFO] [1782603542.499976596] [rbv2_odom_udp_bridge_node]: UDP odom packets=986 publish x=2.917 y=-0.036 yaw=-0.87 v=0.222 w=0.000 fcmd=40.0 scmd=0.0 flags(v=1,f=1,orig_v=1,orig_f=1)
[rbv2_odom_udp_bridge_node-2] [INFO] [1782603543.499996965] [rbv2_odom_udp_bridge_node]: UDP odom packets=1026 publish x=2.953 y=-0.036 yaw=-0.87 v=0.000 w=0.000 fcmd=0.0 scmd=0.0 flags(v=1,f=1,orig_v=1,orig_f=1)
[rbv2_odom_udp_bridge_node-2] [INFO] [1782603544.500021685] [rbv2_odom_udp_bridge_node]: UDP odom packets=1066 publish x=2.953 y=-0.036 yaw=-0.87 v=0.000 w=0.000 fcmd=0.0 scmd=0.0 flags(v=1,f=1,orig_v=1,orig_f=1)
[rbv2_odom_udp_bridge_node-2] [INFO] [1782603545.520061700] [rbv2_odom_udp_bridge_node]: UDP odom packets=1104 publish x=2.953 y=-0.036 yaw=-0.87 v=0.000 w=0.000 fcmd=0.0 scmd=0.0 flags(v=1,f=1,orig_v=1,orig_f=1)
[ros2_slam][save] waiting briefly for /map before saving
[rbv2_odom_udp_bridge_node-2] [INFO] [1782603546.520102005] [rbv2_odom_udp_bridge_node]: UDP odom packets=1124 publish x=2.953 y=-0.036 yaw=-0.87 v=0.000 w=0.000 fcmd=0.0 scmd=0.0 flags(v=1,f=1,orig_v=1,orig_f=1)
[rbv2_odom_udp_bridge_node-2] [INFO] [1782603547.520126662] [rbv2_odom_udp_bridge_node]: UDP odom packets=1144 publish x=2.953 y=-0.036 yaw=-0.87 v=0.000 w=0.000 fcmd=0.0 scmd=0.0 flags(v=1,f=1,orig_v=1,orig_f=1)
[ros2_slam][save] /map is available
[ros2_slam][save] saving map to /home/ronen/Desktop/RBV2_NJOrin_ver29_devFarm_tomato/maps/ros2_slam/session_20260628_023835/map.yaml/.pgm
[rbv2_odom_udp_bridge_node-2] [INFO] [1782603548.520152983] [rbv2_odom_udp_bridge_node]: UDP odom packets=1164 publish x=2.953 y=-0.036 yaw=-0.87 v=0.000 w=0.000 fcmd=0.0 scmd=0.0 flags(v=1,f=1,orig_v=1,orig_f=1)
[INFO] [1782603548.541127378] [map_saver]: 
	map_saver lifecycle node launched. 
	Waiting on external lifecycle transitions to activate
	See https://design.ros2.org/articles/node_lifecycle.html for more information.
[INFO] [1782603548.541368345] [map_saver]: Creating
[INFO] [1782603548.541495965] [map_saver]: Configuring
[INFO] [1782603548.543141295] [map_saver]: Saving map from 'map' topic to '/home/ronen/Desktop/RBV2_NJOrin_ver29_devFarm_tomato/maps/ros2_slam/session_20260628_023835/map' file
[WARN] [1782603548.543184496] [map_saver]: Free threshold unspecified. Setting it to default value: 0.250000
[WARN] [1782603548.543211665] [map_saver]: Occupied threshold unspecified. Setting it to default value: 0.650000
[rbv2_odom_udp_bridge_node-2] [INFO] [1782603549.520153800] [rbv2_odom_udp_bridge_node]: UDP odom packets=1184 publish x=2.953 y=-0.036 yaw=-0.87 v=0.000 w=0.000 fcmd=0.0 scmd=0.0 flags(v=1,f=1,orig_v=1,orig_f=1)
[rbv2_odom_udp_bridge_node-2] [INFO] [1782603550.520205050] [rbv2_odom_udp_bridge_node]: UDP odom packets=1204 publish x=2.953 y=-0.036 yaw=-0.87 v=0.000 w=0.000 fcmd=0.0 scmd=0.0 flags(v=1,f=1,orig_v=1,orig_f=1)
[WARN] [1782603550.982944523] [map_io]: Image format unspecified. Setting it to: pgm
[INFO] [1782603550.983085679] [map_io]: Received a 88 X 135 map @ 0.05 m/pix
[INFO] [1782603550.996328512] [map_io]: Writing map occupancy data to /home/ronen/Desktop/RBV2_NJOrin_ver29_devFarm_tomato/maps/ros2_slam/session_20260628_023835/map.pgm
[INFO] [1782603550.997474050] [map_io]: Writing map metadata to /home/ronen/Desktop/RBV2_NJOrin_ver29_devFarm_tomato/maps/ros2_slam/session_20260628_023835/map.yaml
[INFO] [1782603550.997827053] [map_io]: Map saved
[INFO] [1782603550.997860110] [map_saver]: Map saved successfully
[INFO] [1782603550.999834922] [map_saver]: Destroying
[ros2_slam][save] OK
