[ros2_slam][start] session=/home/ronen/Desktop/RBV2_NJOrin_ver31_devFarm_tomato/maps/ros2_slam/session_20260630_044220
[ros2_slam][start] launching rbv2_mapping + slam_toolbox
[INFO] [launch]: All log files can be found below /root/.ros/log/2026-06-30-04-42-21-946519-ronen-desktop-4938
[INFO] [launch]: Default logging verbosity is set to INFO
[INFO] [rbv2_lidar_scan_node-1]: process started with pid [4941]
[INFO] [rbv2_odom_udp_bridge_node-2]: process started with pid [4943]
[INFO] [static_transform_publisher-3]: process started with pid [4945]
[INFO] [async_slam_toolbox_node-4]: process started with pid [4947]
[static_transform_publisher-3] [WARN] [1782783742.044656592] []: Old-style arguments are deprecated; see --help for new-style arguments
[static_transform_publisher-3] [INFO] [1782783742.084367147] [rbv2_base_to_laser_tf]: Spinning until stopped - publishing transform
[static_transform_publisher-3] translation: ('0.100000', '0.000000', '0.150000')
[static_transform_publisher-3] rotation: ('0.000000', '0.000000', '0.000000', '1.000000')
[static_transform_publisher-3] from 'base_link' to 'laser'
[rbv2_lidar_scan_node-1] [INFO] [1782783742.088288612] [rbv2_lidar_scan_node]: RBV2 Mini LiDAR ROS2 node started on /dev/ttyUSB0
[rbv2_odom_udp_bridge_node-2] [INFO] [1782783742.100804879] [rbv2_odom_udp_bridge_node]: RBV2 odom UDP bridge listening on 127.0.0.1:29129
[rbv2_odom_udp_bridge_node-2] [INFO] [1782783742.120983308] [rbv2_odom_udp_bridge_node]: received first UDP odom packet: x=0.099 y=0.000 yaw=0.00 valid=1 fresh=1 orig_valid=1 orig_fresh=1
[rbv2_odom_udp_bridge_node-2] [INFO] [1782783742.121103692] [rbv2_odom_udp_bridge_node]: UDP odom packets=1 publish x=0.099 y=0.000 yaw=0.00 v=0.191 w=0.000 fcmd=40.0 scmd=0.0 flags(v=1,f=1,orig_v=1,orig_f=1)
[async_slam_toolbox_node-4] [INFO] [1782783742.160414472] [slam_toolbox]: Using solver plugin solver_plugins::CeresSolver
[async_slam_toolbox_node-4] Info: clipped range threshold to be within minimum and maximum range!
[async_slam_toolbox_node-4] Registering sensor: [Custom Described Lidar]
[rbv2_odom_udp_bridge_node-2] [INFO] [1782783743.140952844] [rbv2_odom_udp_bridge_node]: UDP odom packets=40 publish x=0.301 y=0.001 yaw=2.35 v=0.191 w=5.408 fcmd=40.0 scmd=160.0 flags(v=1,f=1,orig_v=1,orig_f=1)
[rbv2_odom_udp_bridge_node-2] [INFO] [1782783744.140960207] [rbv2_odom_udp_bridge_node]: UDP odom packets=79 publish x=0.472 y=0.009 yaw=2.89 v=0.191 w=12.965 fcmd=40.0 scmd=255.0 flags(v=1,f=1,orig_v=1,orig_f=1)
[rbv2_odom_udp_bridge_node-2] [INFO] [1782783745.160978607] [rbv2_odom_udp_bridge_node]: UDP odom packets=118 publish x=0.601 y=0.024 yaw=10.38 v=0.191 w=3.536 fcmd=40.0 scmd=0.0 flags(v=1,f=1,orig_v=1,orig_f=1)
[rbv2_odom_udp_bridge_node-2] [INFO] [1782783746.161098258] [rbv2_odom_udp_bridge_node]: UDP odom packets=157 publish x=0.702 y=0.043 yaw=10.51 v=0.000 w=0.000 fcmd=0.0 scmd=0.0 flags(v=1,f=1,orig_v=1,orig_f=1)
[rbv2_odom_udp_bridge_node-2] [INFO] [1782783747.161194836] [rbv2_odom_udp_bridge_node]: UDP odom packets=196 publish x=0.815 y=0.064 yaw=10.51 v=0.000 w=0.000 fcmd=0.0 scmd=0.0 flags(v=1,f=1,orig_v=1,orig_f=1)
[rbv2_odom_udp_bridge_node-2] [INFO] [1782783748.180976405] [rbv2_odom_udp_bridge_node]: UDP odom packets=235 publish x=0.954 y=0.088 yaw=8.15 v=0.191 w=-7.095 fcmd=40.0 scmd=-255.0 flags(v=1,f=1,orig_v=1,orig_f=1)
[rbv2_odom_udp_bridge_node-2] [INFO] [1782783749.220979763] [rbv2_odom_udp_bridge_node]: UDP odom packets=275 publish x=1.178 y=0.103 yaw=0.23 v=0.000 w=0.000 fcmd=0.0 scmd=0.0 flags(v=1,f=1,orig_v=1,orig_f=1)
[rbv2_odom_udp_bridge_node-2] [INFO] [1782783750.240969555] [rbv2_odom_udp_bridge_node]: UDP odom packets=314 publish x=1.250 y=0.103 yaw=0.23 v=0.000 w=0.000 fcmd=0.0 scmd=0.0 flags(v=1,f=1,orig_v=1,orig_f=1)
[rbv2_odom_udp_bridge_node-2] [INFO] [1782783751.260962771] [rbv2_odom_udp_bridge_node]: UDP odom packets=353 publish x=1.250 y=0.103 yaw=0.23 v=0.000 w=0.000 fcmd=0.0 scmd=0.0 flags(v=1,f=1,orig_v=1,orig_f=1)
[rbv2_odom_udp_bridge_node-2] [INFO] [1782783752.280983059] [rbv2_odom_udp_bridge_node]: UDP odom packets=383 publish x=1.250 y=0.103 yaw=0.23 v=0.000 w=0.000 fcmd=0.0 scmd=0.0 flags(v=1,f=1,orig_v=1,orig_f=1)
[ros2_slam][save] waiting briefly for /map before saving
[rbv2_odom_udp_bridge_node-2] [INFO] [1782783753.340914255] [rbv2_odom_udp_bridge_node]: UDP odom packets=404 publish x=1.250 y=0.103 yaw=0.23 v=0.000 w=0.000 fcmd=0.0 scmd=0.0 flags(v=1,f=1,orig_v=1,orig_f=1)
[rbv2_odom_udp_bridge_node-2] [INFO] [1782783754.380904940] [rbv2_odom_udp_bridge_node]: UDP odom packets=425 publish x=1.250 y=0.103 yaw=0.23 v=0.000 w=0.000 fcmd=0.0 scmd=0.0 flags(v=1,f=1,orig_v=1,orig_f=1)
[ros2_slam][save] /map is available
[ros2_slam][save] saving map to /home/ronen/Desktop/RBV2_NJOrin_ver31_devFarm_tomato/maps/ros2_slam/session_20260630_044220/map.yaml/.pgm
[INFO] [1782783755.322245396] [map_saver]: 
	map_saver lifecycle node launched. 
	Waiting on external lifecycle transitions to activate
	See https://design.ros2.org/articles/node_lifecycle.html for more information.
[INFO] [1782783755.322483988] [map_saver]: Creating
[INFO] [1782783755.322798675] [map_saver]: Configuring
[INFO] [1782783755.324607376] [map_saver]: Saving map from 'map' topic to '/home/ronen/Desktop/RBV2_NJOrin_ver31_devFarm_tomato/maps/ros2_slam/session_20260630_044220/map' file
[WARN] [1782783755.324660464] [map_saver]: Free threshold unspecified. Setting it to default value: 0.250000
[WARN] [1782783755.324688880] [map_saver]: Occupied threshold unspecified. Setting it to default value: 0.650000
[rbv2_odom_udp_bridge_node-2] [INFO] [1782783755.380950639] [rbv2_odom_udp_bridge_node]: UDP odom packets=445 publish x=1.250 y=0.103 yaw=0.23 v=0.000 w=0.000 fcmd=0.0 scmd=0.0 flags(v=1,f=1,orig_v=1,orig_f=1)
[rbv2_odom_udp_bridge_node-2] [INFO] [1782783756.400876719] [rbv2_odom_udp_bridge_node]: UDP odom packets=465 publish x=1.250 y=0.103 yaw=0.23 v=0.000 w=0.000 fcmd=0.0 scmd=0.0 flags(v=1,f=1,orig_v=1,orig_f=1)
[rbv2_odom_udp_bridge_node-2] [INFO] [1782783757.400918866] [rbv2_odom_udp_bridge_node]: UDP odom packets=485 publish x=1.250 y=0.103 yaw=0.23 v=0.000 w=0.000 fcmd=0.0 scmd=0.0 flags(v=1,f=1,orig_v=1,orig_f=1)
[WARN] [1782783758.067113268] [map_io]: Image format unspecified. Setting it to: pgm
[INFO] [1782783758.067246004] [map_io]: Received a 83 X 137 map @ 0.05 m/pix
[INFO] [1782783758.080078366] [map_io]: Writing map occupancy data to /home/ronen/Desktop/RBV2_NJOrin_ver31_devFarm_tomato/maps/ros2_slam/session_20260630_044220/map.pgm
[INFO] [1782783758.081081660] [map_io]: Writing map metadata to /home/ronen/Desktop/RBV2_NJOrin_ver31_devFarm_tomato/maps/ros2_slam/session_20260630_044220/map.yaml
[INFO] [1782783758.081423324] [map_io]: Map saved
[INFO] [1782783758.081455964] [map_saver]: Map saved successfully
[INFO] [1782783758.083337848] [map_saver]: Destroying
[ros2_slam][save] OK
